D:\WINDOWS\BELIAL\CRYPT\X64\DEBUG\BASE64.COD
D:\WINDOWS\BELIAL\CRYPT\X64\DEBUG\BASE64.OBJ
D:\WINDOWS\BELIAL\CRYPT\X64\DEBUG\BLOWFISH.COD
D:\WINDOWS\BELIAL\CRYPT\X64\DEBUG\BLOWFISH.OBJ
D:\windows\belial\crypt\x64\Debug\cl.command.1.tlog
D:\windows\belial\crypt\x64\Debug\CL.read.1.tlog
D:\windows\belial\crypt\x64\Debug\CL.write.1.tlog
D:\WINDOWS\BELIAL\CRYPT\X64\DEBUG\CRC.COD
D:\WINDOWS\BELIAL\CRYPT\X64\DEBUG\CRC.OBJ
D:\WINDOWS\BELIAL\CRYPT\X64\DEBUG\CRYPT.EXE.INTERMEDIATE.MANIFEST
D:\windows\belial\crypt\x64\Debug\crypt.write.1.tlog
D:\WINDOWS\BELIAL\CRYPT\X64\DEBUG\DES.COD
D:\WINDOWS\BELIAL\CRYPT\X64\DEBUG\DES.OBJ
D:\WINDOWS\BELIAL\CRYPT\X64\DEBUG\KECCAK.COD
D:\WINDOWS\BELIAL\CRYPT\X64\DEBUG\KECCAK.OBJ
D:\windows\belial\crypt\x64\Debug\lib.command.1.tlog
D:\windows\belial\crypt\x64\Debug\Lib-link.read.1.tlog
D:\windows\belial\crypt\x64\Debug\Lib-link.write.1.tlog
D:\windows\belial\crypt\x64\Debug\link.command.1.tlog
D:\windows\belial\crypt\x64\Debug\link.read.1.tlog
D:\windows\belial\crypt\x64\Debug\link.write.1.tlog
D:\WINDOWS\BELIAL\CRYPT\X64\DEBUG\MD5.COD
D:\WINDOWS\BELIAL\CRYPT\X64\DEBUG\MD5.OBJ
D:\windows\belial\crypt\x64\Debug\mt.command.1.tlog
D:\windows\belial\crypt\x64\Debug\mt.read.1.tlog
D:\windows\belial\crypt\x64\Debug\mt.write.1.tlog
D:\WINDOWS\BELIAL\CRYPT\X64\DEBUG\PRIMES.COD
D:\WINDOWS\BELIAL\CRYPT\X64\DEBUG\PRIMES.OBJ
D:\WINDOWS\BELIAL\CRYPT\X64\DEBUG\RC.COD
D:\WINDOWS\BELIAL\CRYPT\X64\DEBUG\RC.OBJ
D:\windows\belial\crypt\x64\Debug\ResolveAssemblyReference.cache
D:\WINDOWS\BELIAL\CRYPT\X64\DEBUG\RIJNDAEL.COD
D:\WINDOWS\BELIAL\CRYPT\X64\DEBUG\RIJNDAEL.OBJ
D:\WINDOWS\BELIAL\CRYPT\X64\DEBUG\RSA.COD
D:\WINDOWS\BELIAL\CRYPT\X64\DEBUG\RSA.OBJ
D:\WINDOWS\BELIAL\CRYPT\X64\DEBUG\SHA.COD
D:\WINDOWS\BELIAL\CRYPT\X64\DEBUG\SHA.OBJ
D:\WINDOWS\BELIAL\CRYPT\X64\DEBUG\TEA.COD
D:\WINDOWS\BELIAL\CRYPT\X64\DEBUG\TEA.OBJ
D:\WINDOWS\BELIAL\CRYPT\X64\DEBUG\TEST_CRYPT.COD
D:\WINDOWS\BELIAL\CRYPT\X64\DEBUG\TEST_CRYPT.OBJ
D:\windows\belial\crypt\x64\Debug\vc100.idb
D:\WINDOWS\BELIAL\CRYPT\X64\DEBUG\VC100.PDB
D:\WINDOWS\BELIAL\X64\DEBUG\CRYPT.EXE
D:\windows\belial\x64\Debug\crypt.exp
D:\WINDOWS\BELIAL\X64\DEBUG\CRYPT.ILK
D:\WINDOWS\BELIAL\X64\DEBUG\CRYPT.LIB
D:\WINDOWS\BELIAL\X64\DEBUG\CRYPT.PDB
