D:\windows\belial\miracl\x64\Debug\cl.command.1.tlog
D:\windows\belial\miracl\x64\Debug\CL.read.1.tlog
D:\windows\belial\miracl\x64\Debug\CL.write.1.tlog
D:\WINDOWS\BELIAL\MIRACL\X64\DEBUG\MRAES.OBJ
D:\WINDOWS\BELIAL\MIRACL\X64\DEBUG\MRALLOC.OBJ
D:\WINDOWS\BELIAL\MIRACL\X64\DEBUG\MRARTH0.OBJ
D:\WINDOWS\BELIAL\MIRACL\X64\DEBUG\MRARTH3.OBJ
D:\WINDOWS\BELIAL\MIRACL\X64\DEBUG\MRBITS.OBJ
D:\WINDOWS\BELIAL\MIRACL\X64\DEBUG\MRBRICK.OBJ
D:\WINDOWS\BELIAL\MIRACL\X64\DEBUG\MRBUILD.OBJ
D:\WINDOWS\BELIAL\MIRACL\X64\DEBUG\MRCORE.OBJ
D:\WINDOWS\BELIAL\MIRACL\X64\DEBUG\MRCRT.OBJ
D:\WINDOWS\BELIAL\MIRACL\X64\DEBUG\MRCURVE.OBJ
D:\WINDOWS\BELIAL\MIRACL\X64\DEBUG\MRDOUBLE.OBJ
D:\WINDOWS\BELIAL\MIRACL\X64\DEBUG\MREBRICK.OBJ
D:\WINDOWS\BELIAL\MIRACL\X64\DEBUG\MREC2M.OBJ
D:\WINDOWS\BELIAL\MIRACL\X64\DEBUG\MRECN2.OBJ
D:\WINDOWS\BELIAL\MIRACL\X64\DEBUG\MRFLASH.OBJ
D:\WINDOWS\BELIAL\MIRACL\X64\DEBUG\MRFLSH1.OBJ
D:\WINDOWS\BELIAL\MIRACL\X64\DEBUG\MRFLSH2.OBJ
D:\WINDOWS\BELIAL\MIRACL\X64\DEBUG\MRFLSH3.OBJ
D:\WINDOWS\BELIAL\MIRACL\X64\DEBUG\MRFLSH4.OBJ
D:\WINDOWS\BELIAL\MIRACL\X64\DEBUG\MRFRND.OBJ
D:\WINDOWS\BELIAL\MIRACL\X64\DEBUG\MRGCD.OBJ
D:\WINDOWS\BELIAL\MIRACL\X64\DEBUG\MRGCM.OBJ
D:\WINDOWS\BELIAL\MIRACL\X64\DEBUG\MRGF2M.OBJ
D:\WINDOWS\BELIAL\MIRACL\X64\DEBUG\MRIO1.OBJ
D:\WINDOWS\BELIAL\MIRACL\X64\DEBUG\MRIO2.OBJ
D:\WINDOWS\BELIAL\MIRACL\X64\DEBUG\MRJACK.OBJ
D:\WINDOWS\BELIAL\MIRACL\X64\DEBUG\MRLUCAS.OBJ
D:\WINDOWS\BELIAL\MIRACL\X64\DEBUG\MRPI.OBJ
D:\WINDOWS\BELIAL\MIRACL\X64\DEBUG\MRPOWER.OBJ
D:\WINDOWS\BELIAL\MIRACL\X64\DEBUG\MRPRIME.OBJ
D:\WINDOWS\BELIAL\MIRACL\X64\DEBUG\MRRAND.OBJ
D:\WINDOWS\BELIAL\MIRACL\X64\DEBUG\MRROUND.OBJ
D:\WINDOWS\BELIAL\MIRACL\X64\DEBUG\MRSHS.OBJ
D:\WINDOWS\BELIAL\MIRACL\X64\DEBUG\MRSHS256.OBJ
D:\WINDOWS\BELIAL\MIRACL\X64\DEBUG\MRSHS512.OBJ
D:\WINDOWS\BELIAL\MIRACL\X64\DEBUG\MRSMALL.OBJ
D:\WINDOWS\BELIAL\MIRACL\X64\DEBUG\MRSROOT.OBJ
D:\WINDOWS\BELIAL\MIRACL\X64\DEBUG\MRSTRONG.OBJ
D:\WINDOWS\BELIAL\MIRACL\X64\DEBUG\MRXGCD.OBJ
D:\WINDOWS\BELIAL\MIRACL\X64\DEBUG\MRZZN2.OBJ
D:\WINDOWS\BELIAL\MIRACL\X64\DEBUG\MRZZN2B.OBJ
D:\WINDOWS\BELIAL\MIRACL\X64\DEBUG\MRZZN3.OBJ
D:\windows\belial\miracl\x64\Debug\vc100.idb
D:\WINDOWS\BELIAL\MIRACL\X64\DEBUG\VC100.PDB
