D:\WINDOWS\BELIAL\COLLECT\X64\DEBUG\ARRAY.OBJ
D:\WINDOWS\BELIAL\COLLECT\X64\DEBUG\BTREE.OBJ
D:\windows\belial\collect\x64\Debug\cl.command.1.tlog
D:\windows\belial\collect\x64\Debug\CL.read.1.tlog
D:\windows\belial\collect\x64\Debug\CL.write.1.tlog
D:\WINDOWS\BELIAL\COLLECT\X64\DEBUG\COLLECT.EXE.INTERMEDIATE.MANIFEST
D:\windows\belial\collect\x64\Debug\collect.write.1.tlog
D:\WINDOWS\BELIAL\COLLECT\X64\DEBUG\COLLECT_TEST.OBJ
D:\WINDOWS\BELIAL\COLLECT\X64\DEBUG\HASHTABLE.OBJ
D:\windows\belial\collect\x64\Debug\link.command.1.tlog
D:\windows\belial\collect\x64\Debug\link.read.1.tlog
D:\windows\belial\collect\x64\Debug\link.write.1.tlog
D:\WINDOWS\BELIAL\COLLECT\X64\DEBUG\LIST.OBJ
D:\windows\belial\collect\x64\Debug\mt.command.1.tlog
D:\windows\belial\collect\x64\Debug\mt.read.1.tlog
D:\windows\belial\collect\x64\Debug\mt.write.1.tlog
D:\WINDOWS\BELIAL\COLLECT\X64\DEBUG\STRINGHASH.OBJ
D:\WINDOWS\BELIAL\COLLECT\X64\DEBUG\STRINGPOOL.OBJ
D:\WINDOWS\BELIAL\COLLECT\X64\DEBUG\TREE.OBJ
D:\WINDOWS\BELIAL\COLLECT\X64\DEBUG\TRIE.OBJ
D:\windows\belial\collect\x64\Debug\vc100.idb
D:\WINDOWS\BELIAL\COLLECT\X64\DEBUG\VC100.PDB
D:\WINDOWS\BELIAL\X64\DEBUG\COLLECT.EXE
D:\WINDOWS\BELIAL\X64\DEBUG\COLLECT.ILK
D:\WINDOWS\BELIAL\X64\DEBUG\COLLECT.PDB
