生成启动时间为 2013/5/20 20:16:18。
     1>项目“D:\windows\belial\common\common.vcxproj”在节点 2 上(build 个目标)。
     1>InitializeBuildStatus:
         正在创建“Debug\common.unsuccessfulbuild”，因为已指定“AlwaysCreate”。
       ClCompile:
         c:\Program Files (x86)\Microsoft Visual Studio 10.0\VC\bin\CL.exe /c /ZI /nologo /W3 /WX- /Od /Oy- /D _MBCS /Gm /EHsc /RTC1 /MDd /GS /fp:precise /Zc:wchar_t /Zc:forScope /Fo"Debug\\" /Fd"Debug\vc100.pdb" /Gd /TC /analyze- /errorReport:prompt charMatches.c charUtils.c computer.c hash.c mathematic.c
         mathematic.c
         hash.c
         computer.c
         charUtils.c
         charMatches.c
         正在生成代码...
       Lib:
         c:\Program Files (x86)\Microsoft Visual Studio 10.0\VC\bin\Lib.exe /OUT:"D:\windows\belial\Debug\common.lib" /NOLOGO Debug\charMatches.obj
         Debug\charUtils.obj
         Debug\computer.obj
         Debug\hash.obj
         Debug\mathematic.obj
         common.vcxproj -> D:\windows\belial\Debug\common.lib
       FinalizeBuildStatus:
         正在删除文件“Debug\common.unsuccessfulbuild”。
         正在对“Debug\common.lastbuildstate”执行 Touch 任务。
     1>已完成生成项目“D:\windows\belial\common\common.vcxproj”(build 个目标)的操作。

生成成功。

已用时间 00:00:00.25
